[    4955ms] [INFO] %cDownload the React DevTools for a better development experience: https://reactjs.org/link/react-devtools font-weight:bold @ webpack-internal:///(app-pages-browser)/./node_modules/next/dist/compiled/react-dom/cjs/react-dom.development.js:38559
[    5150ms] [ERROR] Failed to load resource: the server responded with a status of 404 (Not Found) @ http://localhost:3004/favicon.ico:0
[    5508ms] [ERROR] Access to fetch at 'http://localhost:8082/api/v1/devices/37cf76e0-687d-11f1-9881-537573625718/telemetry/latest' from origin 'http://localhost:3004' has been blocked by CORS policy: No 'Access-Control-Allow-Origin' header is present on the requested resource. @ http://localhost:3004/devices/37cf76e0-687d-11f1-9881-537573625718:0
[    5509ms] [ERROR] Failed to load resource: net::ERR_FAILED @ http://localhost:8082/api/v1/devices/37cf76e0-687d-11f1-9881-537573625718/telemetry/latest:0
[    5626ms] [ERROR] Access to fetch at 'http://localhost:8082/api/v1/devices/37cf76e0-687d-11f1-9881-537573625718/attributes' from origin 'http://localhost:3004' has been blocked by CORS policy: No 'Access-Control-Allow-Origin' header is present on the requested resource. @ http://localhost:3004/devices/37cf76e0-687d-11f1-9881-537573625718:0
[    5626ms] [ERROR] Failed to load resource: net::ERR_FAILED @ http://localhost:8082/api/v1/devices/37cf76e0-687d-11f1-9881-537573625718/attributes:0
[    5774ms] [ERROR] Access to fetch at 'http://localhost:8082/api/v1/devices/37cf76e0-687d-11f1-9881-537573625718/dashboard' from origin 'http://localhost:3004' has been blocked by CORS policy: No 'Access-Control-Allow-Origin' header is present on the requested resource. @ http://localhost:3004/devices/37cf76e0-687d-11f1-9881-537573625718:0
[    5775ms] [ERROR] Failed to load resource: net::ERR_FAILED @ http://localhost:8082/api/v1/devices/37cf76e0-687d-11f1-9881-537573625718/dashboard:0
[    6574ms] [ERROR] Access to fetch at 'http://localhost:8082/api/v1/devices/37cf76e0-687d-11f1-9881-537573625718/telemetry/latest' from origin 'http://localhost:3004' has been blocked by CORS policy: No 'Access-Control-Allow-Origin' header is present on the requested resource. @ http://localhost:3004/devices/37cf76e0-687d-11f1-9881-537573625718:0
[    6574ms] [ERROR] Failed to load resource: net::ERR_FAILED @ http://localhost:8082/api/v1/devices/37cf76e0-687d-11f1-9881-537573625718/telemetry/latest:0
[    6801ms] [ERROR] Access to fetch at 'http://localhost:8082/api/v1/devices/37cf76e0-687d-11f1-9881-537573625718/attributes' from origin 'http://localhost:3004' has been blocked by CORS policy: No 'Access-Control-Allow-Origin' header is present on the requested resource. @ http://localhost:3004/devices/37cf76e0-687d-11f1-9881-537573625718:0
[    6801ms] [ERROR] Failed to load resource: net::ERR_FAILED @ http://localhost:8082/api/v1/devices/37cf76e0-687d-11f1-9881-537573625718/attributes:0
[    7089ms] [ERROR] Access to fetch at 'http://localhost:8082/api/v1/devices/37cf76e0-687d-11f1-9881-537573625718/dashboard' from origin 'http://localhost:3004' has been blocked by CORS policy: No 'Access-Control-Allow-Origin' header is present on the requested resource. @ http://localhost:3004/devices/37cf76e0-687d-11f1-9881-537573625718:0
[    7089ms] [ERROR] Failed to load resource: net::ERR_FAILED @ http://localhost:8082/api/v1/devices/37cf76e0-687d-11f1-9881-537573625718/dashboard:0
[ 4478825ms] [ERROR] Access to fetch at 'http://localhost:8082/api/v1/devices/37cf76e0-687d-11f1-9881-537573625718/dashboard' from origin 'http://localhost:3004' has been blocked by CORS policy: No 'Access-Control-Allow-Origin' header is present on the requested resource. @ http://localhost:3004/devices/37cf76e0-687d-11f1-9881-537573625718:0
[ 4478832ms] [ERROR] Failed to load resource: net::ERR_FAILED @ http://localhost:8082/api/v1/devices/37cf76e0-687d-11f1-9881-537573625718/dashboard:0
[ 4478833ms] [ERROR] Access to fetch at 'http://localhost:8082/api/v1/devices/37cf76e0-687d-11f1-9881-537573625718/telemetry/latest' from origin 'http://localhost:3004' has been blocked by CORS policy: No 'Access-Control-Allow-Origin' header is present on the requested resource. @ http://localhost:3004/devices/37cf76e0-687d-11f1-9881-537573625718:0
[ 4478835ms] [ERROR] Failed to load resource: net::ERR_FAILED @ http://localhost:8082/api/v1/devices/37cf76e0-687d-11f1-9881-537573625718/telemetry/latest:0
[ 4478835ms] [ERROR] Access to fetch at 'http://localhost:8082/api/v1/devices/37cf76e0-687d-11f1-9881-537573625718/attributes' from origin 'http://localhost:3004' has been blocked by CORS policy: No 'Access-Control-Allow-Origin' header is present on the requested resource. @ http://localhost:3004/devices/37cf76e0-687d-11f1-9881-537573625718:0
[ 4478836ms] [ERROR] Failed to load resource: net::ERR_FAILED @ http://localhost:8082/api/v1/devices/37cf76e0-687d-11f1-9881-537573625718/attributes:0
[ 4489853ms] [ERROR] Access to fetch at 'http://localhost:8082/api/v1/devices/37cf76e0-687d-11f1-9881-537573625718/dashboard' from origin 'http://localhost:3004' has been blocked by CORS policy: No 'Access-Control-Allow-Origin' header is present on the requested resource. @ http://localhost:3004/devices/37cf76e0-687d-11f1-9881-537573625718:0
[ 4489854ms] [ERROR] Failed to load resource: net::ERR_FAILED @ http://localhost:8082/api/v1/devices/37cf76e0-687d-11f1-9881-537573625718/dashboard:0
[ 4489866ms] [ERROR] Access to fetch at 'http://localhost:8082/api/v1/devices/37cf76e0-687d-11f1-9881-537573625718/telemetry/latest' from origin 'http://localhost:3004' has been blocked by CORS policy: No 'Access-Control-Allow-Origin' header is present on the requested resource. @ http://localhost:3004/devices/37cf76e0-687d-11f1-9881-537573625718:0
[ 4489867ms] [ERROR] Failed to load resource: net::ERR_FAILED @ http://localhost:8082/api/v1/devices/37cf76e0-687d-11f1-9881-537573625718/telemetry/latest:0
[ 4489867ms] [ERROR] Access to fetch at 'http://localhost:8082/api/v1/devices/37cf76e0-687d-11f1-9881-537573625718/attributes' from origin 'http://localhost:3004' has been blocked by CORS policy: No 'Access-Control-Allow-Origin' header is present on the requested resource. @ http://localhost:3004/devices/37cf76e0-687d-11f1-9881-537573625718:0
[ 4489867ms] [ERROR] Failed to load resource: net::ERR_FAILED @ http://localhost:8082/api/v1/devices/37cf76e0-687d-11f1-9881-537573625718/attributes:0
